<?xml version="1.0" encoding="UTF-8"?>
<robot generator="Robot 6.1.1 (Python 3.9.0 on win32)" generated="20230907 06:02:32.415" rpa="false" schemaversion="4">
<suite id="s1" name="Bai3" source="c:\Users\PC\Desktop\BTVN\Testcase\bai3.robot">
<test id="s1-t1" name="[AU_01] - Tìm kiếm từ khóa MSB" line="6">
<kw name="Truy cập trang google.com" library="Google_keyword">
<kw name="Truy cập vào Browser" library="Common_keyword">
<arg>${url_google}</arg>
<kw name="Open Browser" library="SeleniumLibrary">
<arg>${url}</arg>
<arg>${broswer}</arg>
<doc>Opens a new browser instance to the optional ``url``.</doc>
<msg timestamp="20230907 06:02:32.985" level="INFO">Opening browser 'chrome' to base url 'https://google.com'.</msg>
<status status="PASS" starttime="20230907 06:02:32.984" endtime="20230907 06:02:37.312"/>
</kw>
<kw name="Maximize Browser Window" library="SeleniumLibrary">
<doc>Maximizes current browser window.</doc>
<status status="PASS" starttime="20230907 06:02:37.312" endtime="20230907 06:02:37.493"/>
</kw>
<status status="PASS" starttime="20230907 06:02:32.982" endtime="20230907 06:02:37.494"/>
</kw>
<kw name="Maximize Browser Window" library="SeleniumLibrary">
<doc>Maximizes current browser window.</doc>
<status status="PASS" starttime="20230907 06:02:37.494" endtime="20230907 06:02:37.499"/>
</kw>
<status status="PASS" starttime="20230907 06:02:32.981" endtime="20230907 06:02:37.500"/>
</kw>
<kw name="Nhập vào ô tìm kiếm &quot;MSB&quot;" library="Google_keyword">
<kw name="Input Text" library="SeleniumLibrary">
<arg>${inp_tìm kiếm}</arg>
<arg>${name_suggest}</arg>
<doc>Types the given ``text`` into the text field identified by ``locator``.</doc>
<msg timestamp="20230907 06:02:37.503" level="INFO">Typing text 'MSB' into text field '//textarea[@name="q"]'.</msg>
<status status="PASS" starttime="20230907 06:02:37.501" endtime="20230907 06:02:37.867"/>
</kw>
<status status="PASS" starttime="20230907 06:02:37.500" endtime="20230907 06:02:37.868"/>
</kw>
<kw name="Click vào gợi ý đầu tiên" library="Google_keyword">
<kw name="Click Element" library="SeleniumLibrary">
<arg>${div_suggest}</arg>
<doc>Click the element identified by ``locator``.</doc>
<msg timestamp="20230907 06:02:37.903" level="INFO">Clicking element '//div[@id="jZ2SBf"]'.</msg>
<status status="PASS" starttime="20230907 06:02:37.901" endtime="20230907 06:02:38.397"/>
</kw>
<status status="PASS" starttime="20230907 06:02:37.900" endtime="20230907 06:02:38.398"/>
</kw>
<kw name="Click vào kết quả đầu tiên" library="Google_keyword">
<kw name="Wait Until Element Is Visible" library="SeleniumLibrary">
<arg>${div_product_1st}</arg>
<arg>${time_out}</arg>
<doc>Waits until the element ``locator`` is visible.</doc>
<status status="PASS" starttime="20230907 06:02:38.406" endtime="20230907 06:02:41.102"/>
</kw>
<kw name="Click Element" library="SeleniumLibrary">
<arg>${div_product_1st}</arg>
<doc>Click the element identified by ``locator``.</doc>
<msg timestamp="20230907 06:02:41.104" level="INFO">Clicking element '//div[@id="rso"]/div[1]//a/*[text()="MSB"]'.</msg>
<status status="PASS" starttime="20230907 06:02:41.103" endtime="20230907 06:02:45.563"/>
</kw>
<status status="PASS" starttime="20230907 06:02:38.403" endtime="20230907 06:02:45.564"/>
</kw>
<kw name="Tắt popup" library="Google_keyword">
<kw name="Wait Until Element Is Visible" library="SeleniumLibrary">
<arg>${div_Tắt popup}</arg>
<arg>${time_out}</arg>
<doc>Waits until the element ``locator`` is visible.</doc>
<status status="PASS" starttime="20230907 06:02:45.566" endtime="20230907 06:02:45.866"/>
</kw>
<kw name="Click Element" library="SeleniumLibrary">
<arg>${div_Tắt popup}</arg>
<doc>Click the element identified by ``locator``.</doc>
<msg timestamp="20230907 06:02:45.868" level="INFO">Clicking element '//div[@id="fragment-34202-joci"]/div/div/div/span'.</msg>
<status status="PASS" starttime="20230907 06:02:45.867" endtime="20230907 06:02:45.997"/>
</kw>
<status status="PASS" starttime="20230907 06:02:45.565" endtime="20230907 06:02:45.998"/>
</kw>
<kw name="Verify trang có chứa &quot;Chọn thẻ phù hợp với bạn&quot;" library="Google_keyword">
<kw name="Wait Until Element Is Visible" library="SeleniumLibrary">
<arg>${verify_Chọn thẻ phù hợp với bạn}</arg>
<arg>${time_out}</arg>
<doc>Waits until the element ``locator`` is visible.</doc>
<status status="PASS" starttime="20230907 06:02:46.000" endtime="20230907 06:02:46.096"/>
</kw>
<status status="PASS" starttime="20230907 06:02:45.999" endtime="20230907 06:02:46.096"/>
</kw>
<doc>Tìm kiếm từ khóa MSB</doc>
<tag>TC_01</tag>
<status status="PASS" starttime="20230907 06:02:32.975" endtime="20230907 06:02:46.101"/>
</test>
<status status="PASS" starttime="20230907 06:02:32.433" endtime="20230907 06:02:46.115"/>
</suite>
<statistics>
<total>
<stat pass="1" fail="0" skip="0">All Tests</stat>
</total>
<tag>
<stat pass="1" fail="0" skip="0">TC_01</stat>
</tag>
<suite>
<stat pass="1" fail="0" skip="0" id="s1" name="Bai3">Bai3</stat>
</suite>
</statistics>
<errors>
</errors>
</robot>
