<?xml version="1.0" encoding="UTF-8"?>
<robot generator="Robot 6.1.1 (Python 3.11.5 on win32)" generated="20230829 16:08:19.035" rpa="false" schemaversion="4">
<suite id="s1" name="Bai3" source="C:\Users\hiennt60\Documents\auto\homework\bai3.robot">
<test id="s1-t1" name="[AU_01] - Tìm kiếm từ khóa MSB" line="5">
<kw name="Truy cập trang google.com">
<kw name="Open Browser" library="SeleniumLibrary">
<arg>https://google.com</arg>
<arg>chrome</arg>
<doc>Opens a new browser instance to the optional ``url``.</doc>
<msg timestamp="20230829 16:08:19.169" level="INFO">Opening browser 'chrome' to base url 'https://google.com'.</msg>
<status status="PASS" starttime="20230829 16:08:19.169" endtime="20230829 16:08:23.498"/>
</kw>
<kw name="Maximize Browser Window" library="SeleniumLibrary">
<doc>Maximizes current browser window.</doc>
<status status="PASS" starttime="20230829 16:08:23.498" endtime="20230829 16:08:23.608"/>
</kw>
<status status="PASS" starttime="20230829 16:08:19.169" endtime="20230829 16:08:23.608"/>
</kw>
<kw name="Sleep" library="BuiltIn">
<arg>2s</arg>
<doc>Pauses the test executed for the given time.</doc>
<msg timestamp="20230829 16:08:25.610" level="INFO">Slept 2 seconds</msg>
<status status="PASS" starttime="20230829 16:08:23.609" endtime="20230829 16:08:25.610"/>
</kw>
<kw name="Nhập vào ô tìm kiếm &quot;MSB&quot;">
<kw name="Input Text" library="SeleniumLibrary">
<arg>//textarea[@name="q"]</arg>
<arg>MSB</arg>
<doc>Types the given ``text`` into the text field identified by ``locator``.</doc>
<msg timestamp="20230829 16:08:25.613" level="INFO">Typing text 'MSB' into text field '//textarea[@name="q"]'.</msg>
<status status="PASS" starttime="20230829 16:08:25.612" endtime="20230829 16:08:25.668"/>
</kw>
<status status="PASS" starttime="20230829 16:08:25.611" endtime="20230829 16:08:25.668"/>
</kw>
<kw name="Sleep" library="BuiltIn">
<arg>2s</arg>
<doc>Pauses the test executed for the given time.</doc>
<msg timestamp="20230829 16:08:27.669" level="INFO">Slept 2 seconds</msg>
<status status="PASS" starttime="20230829 16:08:25.669" endtime="20230829 16:08:27.669"/>
</kw>
<kw name="Click vào gợi ý đầu tiên">
<kw name="Click Element" library="SeleniumLibrary">
<arg>//div[@id="jZ2SBf"]</arg>
<doc>Click the element identified by ``locator``.</doc>
<msg timestamp="20230829 16:08:27.672" level="INFO">Clicking element '//div[@id="jZ2SBf"]'.</msg>
<status status="PASS" starttime="20230829 16:08:27.671" endtime="20230829 16:08:27.842"/>
</kw>
<status status="PASS" starttime="20230829 16:08:27.670" endtime="20230829 16:08:27.842"/>
</kw>
<kw name="Click vào kết quả đầu tiên">
<kw name="Wait Until Element Is Visible" library="SeleniumLibrary">
<arg>//div[@id="rso"]/div[1]//a/*[text()="MSB"]</arg>
<arg>10s</arg>
<doc>Waits until the element ``locator`` is visible.</doc>
<status status="PASS" starttime="20230829 16:08:27.844" endtime="20230829 16:08:29.417"/>
</kw>
<kw name="Click Element" library="SeleniumLibrary">
<arg>//div[@id="rso"]/div[1]//a/*[text()="MSB"]</arg>
<doc>Click the element identified by ``locator``.</doc>
<msg timestamp="20230829 16:08:29.418" level="INFO">Clicking element '//div[@id="rso"]/div[1]//a/*[text()="MSB"]'.</msg>
<status status="PASS" starttime="20230829 16:08:29.417" endtime="20230829 16:08:33.808"/>
</kw>
<status status="PASS" starttime="20230829 16:08:27.843" endtime="20230829 16:08:33.808"/>
</kw>
<kw name="Sleep" library="BuiltIn">
<arg>5s</arg>
<doc>Pauses the test executed for the given time.</doc>
<msg timestamp="20230829 16:08:38.809" level="INFO">Slept 5 seconds</msg>
<status status="PASS" starttime="20230829 16:08:33.809" endtime="20230829 16:08:38.809"/>
</kw>
<kw name="Tắt popup">
<kw name="Wait Until Element Is Visible" library="SeleniumLibrary">
<arg>//*[@id="fragment-34902-chcv"]/div/div/div/span</arg>
<arg>5s</arg>
<doc>Waits until the element ``locator`` is visible.</doc>
<status status="PASS" starttime="20230829 16:08:38.810" endtime="20230829 16:08:38.824"/>
</kw>
<kw name="Click Element" library="SeleniumLibrary">
<arg>//div[@id="fragment-34202-joci"]/div/div/div/span</arg>
<doc>Click the element identified by ``locator``.</doc>
<msg timestamp="20230829 16:08:38.824" level="INFO">Clicking element '//div[@id="fragment-34202-joci"]/div/div/div/span'.</msg>
<status status="PASS" starttime="20230829 16:08:38.824" endtime="20230829 16:08:38.856"/>
</kw>
<status status="PASS" starttime="20230829 16:08:38.810" endtime="20230829 16:08:38.856"/>
</kw>
<kw name="Verify trang có chứa &quot;Chọn thẻ phù hợp với bạn&quot;">
<kw name="Wait Until Element Is Visible" library="SeleniumLibrary">
<arg>//div[contains(text(),'Chọn thẻ phù hợp với bạn')]</arg>
<arg>10s</arg>
<doc>Waits until the element ``locator`` is visible.</doc>
<status status="PASS" starttime="20230829 16:08:38.857" endtime="20230829 16:08:38.872"/>
</kw>
<status status="PASS" starttime="20230829 16:08:38.857" endtime="20230829 16:08:38.872"/>
</kw>
<doc>Tìm kiếm từ khóa MSB</doc>
<tag>TC_01</tag>
<status status="PASS" starttime="20230829 16:08:19.168" endtime="20230829 16:08:38.872"/>
</test>
<status status="PASS" starttime="20230829 16:08:19.036" endtime="20230829 16:08:38.873"/>
</suite>
<statistics>
<total>
<stat pass="1" fail="0" skip="0">All Tests</stat>
</total>
<tag>
<stat pass="1" fail="0" skip="0">TC_01</stat>
</tag>
<suite>
<stat pass="1" fail="0" skip="0" id="s1" name="Bai3">Bai3</stat>
</suite>
</statistics>
<errors>
</errors>
</robot>
