<?xml version="1.0" encoding="UTF-8"?>
<robot generator="Robot 6.1.1 (Python 3.11.5 on win32)" generated="20230829 15:49:47.339" rpa="false" schemaversion="4">
<suite id="s1" name="Homework" source="C:\Users\hiennt60\Documents\auto\homework">
<suite id="s1-s1" name="Bai3" source="C:\Users\hiennt60\Documents\auto\homework\bai3.robot">
<test id="s1-s1-t1" name="[AU_01] - Tìm kiếm từ khóa MSB" line="5">
<kw name="Truy cập trang google.com">
<kw name="Open Browser" library="SeleniumLibrary">
<arg>https://google.com</arg>
<arg>chrome</arg>
<doc>Opens a new browser instance to the optional ``url``.</doc>
<msg timestamp="20230829 15:49:47.490" level="INFO">Opening browser 'chrome' to base url 'https://google.com'.</msg>
<status status="PASS" starttime="20230829 15:49:47.489" endtime="20230829 15:49:51.722"/>
</kw>
<kw name="Maximize Browser Window" library="SeleniumLibrary">
<doc>Maximizes current browser window.</doc>
<status status="PASS" starttime="20230829 15:49:51.722" endtime="20230829 15:49:51.838"/>
</kw>
<status status="PASS" starttime="20230829 15:49:47.489" endtime="20230829 15:49:51.838"/>
</kw>
<kw name="Sleep" library="BuiltIn">
<arg>2s</arg>
<doc>Pauses the test executed for the given time.</doc>
<msg timestamp="20230829 15:49:53.840" level="INFO">Slept 2 seconds</msg>
<status status="PASS" starttime="20230829 15:49:51.839" endtime="20230829 15:49:53.842"/>
</kw>
<kw name="Nhập vào ô tìm kiếm &quot;MSB&quot;">
<kw name="Input Text" library="SeleniumLibrary">
<arg>//textarea[@name="q"]</arg>
<arg>MSB</arg>
<doc>Types the given ``text`` into the text field identified by ``locator``.</doc>
<msg timestamp="20230829 15:49:53.847" level="INFO">Typing text 'MSB' into text field '//textarea[@name="q"]'.</msg>
<status status="PASS" starttime="20230829 15:49:53.845" endtime="20230829 15:49:53.899"/>
</kw>
<status status="PASS" starttime="20230829 15:49:53.844" endtime="20230829 15:49:53.899"/>
</kw>
<kw name="Sleep" library="BuiltIn">
<arg>2s</arg>
<doc>Pauses the test executed for the given time.</doc>
<msg timestamp="20230829 15:49:55.901" level="INFO">Slept 2 seconds</msg>
<status status="PASS" starttime="20230829 15:49:53.900" endtime="20230829 15:49:55.903"/>
</kw>
<kw name="Click vào gợi ý đầu tiên">
<kw name="Click Element" library="SeleniumLibrary">
<arg>//div[@id="jZ2SBf"]</arg>
<doc>Click the element identified by ``locator``.</doc>
<msg timestamp="20230829 15:49:55.908" level="INFO">Clicking element '//div[@id="jZ2SBf"]'.</msg>
<status status="PASS" starttime="20230829 15:49:55.906" endtime="20230829 15:49:56.089"/>
</kw>
<status status="PASS" starttime="20230829 15:49:55.905" endtime="20230829 15:49:56.090"/>
</kw>
<kw name="Click vào kết quả đầu tiên">
<kw name="Wait Until Element Is Visible" library="SeleniumLibrary">
<arg>//div[@id="rso"]/div[1]//a/*[text()="MSB"]</arg>
<arg>10s</arg>
<doc>Waits until the element ``locator`` is visible.</doc>
<status status="PASS" starttime="20230829 15:49:56.092" endtime="20230829 15:49:58.061"/>
</kw>
<kw name="Click Element" library="SeleniumLibrary">
<arg>//div[@id="rso"]/div[1]//a/*[text()="MSB"]</arg>
<doc>Click the element identified by ``locator``.</doc>
<msg timestamp="20230829 15:49:58.061" level="INFO">Clicking element '//div[@id="rso"]/div[1]//a/*[text()="MSB"]'.</msg>
<status status="PASS" starttime="20230829 15:49:58.061" endtime="20230829 15:50:03.391"/>
</kw>
<status status="PASS" starttime="20230829 15:49:56.091" endtime="20230829 15:50:03.391"/>
</kw>
<kw name="Sleep" library="BuiltIn">
<arg>5s</arg>
<doc>Pauses the test executed for the given time.</doc>
<msg timestamp="20230829 15:50:08.393" level="INFO">Slept 5 seconds</msg>
<status status="PASS" starttime="20230829 15:50:03.392" endtime="20230829 15:50:08.393"/>
</kw>
<kw name="Tắt popup">
<kw name="Click Button" library="SeleniumLibrary">
<arg>//source[@alt="insert img here"]/ancestor::a/following-sibling::span</arg>
<doc>Clicks the button identified by ``locator``.</doc>
<msg timestamp="20230829 15:50:08.394" level="INFO">Clicking button '//source[@alt="insert img here"]/ancestor::a/following-sibling::span'.</msg>
<msg timestamp="20230829 15:50:08.644" level="INFO" html="true">&lt;/td&gt;&lt;/tr&gt;&lt;tr&gt;&lt;td colspan="3"&gt;&lt;a href="selenium-screenshot-3.png"&gt;&lt;img src="selenium-screenshot-3.png" width="800px"&gt;&lt;/a&gt;</msg>
<msg timestamp="20230829 15:50:08.644" level="FAIL">Button with locator '//source[@alt="insert img here"]/ancestor::a/following-sibling::span' not found.</msg>
<status status="FAIL" starttime="20230829 15:50:08.394" endtime="20230829 15:50:08.647"/>
</kw>
<status status="FAIL" starttime="20230829 15:50:08.394" endtime="20230829 15:50:08.647"/>
</kw>
<doc>Tìm kiếm từ khóa MSB</doc>
<tag>TC_01</tag>
<status status="FAIL" starttime="20230829 15:49:47.488" endtime="20230829 15:50:08.648">Button with locator '//source[@alt="insert img here"]/ancestor::a/following-sibling::span' not found.</status>
</test>
<status status="FAIL" starttime="20230829 15:49:47.358" endtime="20230829 15:50:08.649"/>
</suite>
<status status="FAIL" starttime="20230829 15:49:47.343" endtime="20230829 15:50:08.651"/>
</suite>
<statistics>
<total>
<stat pass="0" fail="1" skip="0">All Tests</stat>
</total>
<tag>
<stat pass="0" fail="1" skip="0">TC_01</stat>
</tag>
<suite>
<stat pass="0" fail="1" skip="0" id="s1" name="Homework">Homework</stat>
<stat pass="0" fail="1" skip="0" id="s1-s1" name="Bai3">Homework.Bai3</stat>
</suite>
</statistics>
<errors>
</errors>
</robot>
